timestamp: 2013-02-09T18:16:24.893781
CREATE TABLE polls(
    id INTEGER PRIMARY KEY AUTOINCREMENT,
    title CHAR(512)
);
success!
timestamp: 2013-02-09T18:16:24.971230
CREATE TABLE pollChoices(
    id INTEGER PRIMARY KEY AUTOINCREMENT,
    pid INTEGER REFERENCES polls (id) ON DELETE CASCADE,
    content CHAR(512)
);
success!
timestamp: 2013-02-09T18:16:25.019332
CREATE TABLE userChose(
    id INTEGER PRIMARY KEY AUTOINCREMENT,
    cid INTEGER REFERENCES poll-choices (id) ON DELETE CASCADE
);
timestamp: 2013-02-09T18:17:41.187528
CREATE TABLE userChose(
    id INTEGER PRIMARY KEY AUTOINCREMENT,
    cid INTEGER REFERENCES pollChoices (id) ON DELETE CASCADE
);
success!
